uuid ( RO)                          : 77f4b3c2-7c8a-2a76-14bc-f13095711e16
                    name-label ( RW): Ubuntu Lucid Lynx 10.04 (64-bit) (1)
              name-description ( RW): 
                  user-version ( RW): 1
                 is-a-template ( RW): false
                 is-a-snapshot ( RO): false
                   snapshot-of ( RO): <not in database>
                     snapshots ( RO): 
                 snapshot-time ( RO): 19700101T00:00:00Z
                 snapshot-info ( RO): 
                        parent ( RO): <not in database>
                      children ( RO): 
             is-control-domain ( RO): false
                   power-state ( RO): running
                 memory-actual ( RO): 1073741824
                 memory-target ( RO): 1073741824
               memory-overhead ( RO): 11534336
             memory-static-max ( RW): 1073741824
            memory-dynamic-max ( RW): 1073741824
            memory-dynamic-min ( RW): 1073741824
             memory-static-min ( RW): 134217728
              suspend-VDI-uuid ( RW): <not in database>
               suspend-SR-uuid ( RW): c5e5d79c-bc0a-a25b-e49b-f099c3eeb7f9
                  VCPUs-params (MRW): 
                     VCPUs-max ( RW): 2
              VCPUs-at-startup ( RW): 2
        actions-after-shutdown ( RW): Destroy
          actions-after-reboot ( RW): Restart
           actions-after-crash ( RW): Restart
                 console-uuids (SRO): f39705a8-26a1-5002-9498-dd28d40ae05d; f5d4f9f8-5f88-1524-a423-24114682de06
                      platform (MRW): nx: false; acpi: true; apic: true; pae: true; viridian: true
            allowed-operations (SRO): changing_dynamic_range; pool_migrate; changing_VCPUs_live; suspend; hard_reboot; hard_shutdown; clean_reboot; clean_shutdown; pause; checkpoint; snapshot
            current-operations (SRO): 
            blocked-operations (MRW): 
           allowed-VBD-devices (SRO): 1; 2; 4; 5; 6; 7; 8; 9; 10; 11; 12; 13; 14; 15
           allowed-VIF-devices (SRO): 1; 2; 3; 4; 5; 6
                possible-hosts ( RO): 44444f28-3e86-427a-86a8-85d7effda04e
               HVM-boot-policy ( RW): 
               HVM-boot-params (MRW): 
         HVM-shadow-multiplier ( RW): 1.000
                     PV-kernel ( RW): 
                    PV-ramdisk ( RW): 
                       PV-args ( RW): -- quiet console=hvc0
                PV-legacy-args ( RW): 
                 PV-bootloader ( RW): pygrub
            PV-bootloader-args ( RW): 
           last-boot-CPU-flags ( RO): features: 17bee3ff-bfebfbff-00000001-2c100800; vendor: GenuineIntel
              last-boot-record ( RO): '('struct' ('uuid' '77f4b3c2-7c8a-2a76-14bc-f13095711e16') ('allowed_operations' ('array')) ('current_operations' ('struct' ('OpaqueRef:0feaea84-f6ce-e563-c444-49dd925cc15e' 'start'))) ('power_state' 'Halted') ('name_label' 'Ubuntu Lucid Lynx 10.04 (64-bit) (1)') ('name_description' '') ('user_version' '1') ('is_a_template' ('boolean' '0')) ('suspend_VDI' 'OpaqueRef:NULL') ('resident_on' 'OpaqueRef:NULL') ('affinity' 'OpaqueRef:6643c334-257f-f843-09e2-9496afb7fcf8') ('memory_overhead' '11534336') ('memory_target' '1073741824') ('memory_static_max' '1073741824') ('memory_dynamic_max' '1073741824') ('memory_dynamic_min' '1073741824') ('memory_static_min' '134217728') ('VCPUs_params' ('struct')) ('VCPUs_max' '2') ('VCPUs_at_startup' '2') ('actions_after_shutdown' 'destroy') ('actions_after_reboot' 'restart') ('actions_after_crash' 'restart') ('consoles' ('array')) ('VIFs' ('array' 'OpaqueRef:1cca357d-2f3d-b9ec-45be-77775967b554')) ('VBDs' ('array' 'OpaqueRef:a89fa147-0edd-c59f-ecb4-67c57eb6376b' 'OpaqueRef:1f748c4a-7780-403b-fba7-8408ad564a32')) ('crash_dumps' ('array')) ('VTPMs' ('array')) ('PV_bootloader' 'eliloader') ('PV_kernel' '') ('PV_ramdisk' '') ('PV_args' '-- quiet console=hvc0') ('PV_bootloader_args' '') ('PV_legacy_args' '') ('HVM_boot_policy' '') ('HVM_boot_params' ('struct')) ('HVM_shadow_multiplier' ('double' '1')) ('platform' ('struct' ('nx' 'false') ('acpi' 'true') ('apic' 'true') ('pae' 'true') ('viridian' 'true'))) ('PCI_bus' '') ('other_config' ('struct' ('linux_template' 'true') ('debian-release' 'lucid') ('install-repository' 'http://192.168.11.9/os/linux/ubuntu/10.04.4/x86_64/server') ('install-distro' 'debianlike') ('install-arch' 'amd64') ('mac_seed' '58210973-40ee-cf11-accc-9346ff4ff2b3') ('install-methods' 'http,ftp'))) ('domid' '-1') ('domarch' '') ('last_boot_CPU_flags' ('struct')) ('is_control_domain' ('boolean' '0')) ('metrics' 'OpaqueRef:42705e37-806b-e1bd-4e74-42f0ea6d0d7f') ('guest_metrics' 'OpaqueRef:NULL') ('last_booted_record' '') ('recommendations' '<restrictions><restriction field=\"memory-static-max\" max=\"34359738368\" /><restriction field=\"vcpus-max\" max=\"16\" /><restriction property=\"number-of-vbds\" max=\"7\" /><restriction property=\"number-of-vifs\" max=\"7\" /></restrictions>') ('xenstore_data' ('struct')) ('ha_always_run' ('boolean' '0')) ('ha_restart_priority' '') ('is_a_snapshot' ('boolean' '0')) ('snapshot_of' 'OpaqueRef:NULL') ('snapshots' ('array')) ('snapshot_time' ('dateTime.iso8601' '19700101T00:00:00Z')) ('transportable_snapshot_id' '') ('blobs' ('struct')) ('tags' ('array')) ('blocked_operations' ('struct')) ('snapshot_info' ('struct')) ('snapshot_metadata' '') ('parent' 'OpaqueRef:NULL') ('children' ('array')) ('bios_strings' ('struct')) ('protection_policy' 'OpaqueRef:NULL') ('is_snapshot_from_vmpp' ('boolean' '0')) ('appliance' 'OpaqueRef:NULL') ('start_delay' '0') ('shutdown_delay' '0') ('order' '0') ('VGPUs' ('array')) ('attached_PCIs' ('array')) ('suspend_SR' 'OpaqueRef:0bc16b93-0ab7-42c9-01cd-c8143cb9777f') ('version' '0'))'
                   resident-on ( RO): 44444f28-3e86-427a-86a8-85d7effda04e
                      affinity ( RW): 44444f28-3e86-427a-86a8-85d7effda04e
                  other-config (MRW): linux_template: true; debian-release: lucid; install-repository: http://192.168.11.9/os/linux/ubuntu/10.04.4/x86_64/server; install-arch: amd64; mac_seed: 58210973-40ee-cf11-accc-9346ff4ff2b3; install-methods: http,ftp
                        dom-id ( RO): 212
               recommendations ( RO): <restrictions><restriction field="memory-static-max" max="34359738368" /><restriction field="vcpus-max" max="16" /><restriction property="number-of-vbds" max="7" /><restriction property="number-of-vifs" max="7" /></restrictions>
                 xenstore-data (MRW): 
    ha-always-run ( RW) [DEPRECATED]: false
           ha-restart-priority ( RW): 
                         blobs ( RO): 
                    start-time ( RO): 20131216T05:55:30Z
                  install-time ( RO): 20131216T05:55:19Z
                  VCPUs-number ( RO): 2
             VCPUs-utilisation (MRO): 0: 0.001; 1: 0.000
                    os-version (MRO): <not in database>
            PV-drivers-version (MRO): <not in database>
         PV-drivers-up-to-date ( RO): <not in database>
                        memory (MRO): <not in database>
                         disks (MRO): <not in database>
                      networks (MRO): <not in database>
                         other (MRO): <not in database>
                          live ( RO): <not in database>
    guest-metrics-last-updated ( RO): <not in database>
                   cooperative ( RO): true
             protection-policy ( RW): <not in database>
         is-snapshot-from-vmpp ( RO): false
                          tags (SRW): 
                     appliance ( RW): <not in database>
                   start-delay ( RW): 0
                shutdown-delay ( RW): 0
                         order ( RW): 0
                       version ( RO): 0


