# Update /etc/network/interfaces?
ifupdown	ifupdown/convert-interfaces-hotplug	boolean	true
# Time zone:
# Choices: Adelaide, Brisbane, Broken Hill, Canberra, Currie, Darwin, Eucla, Hobart, Lindeman, Lord Howe, Melbourne, Perth, Sydney, Yancowinna
tzdata	tzdata/Zones/Australia	select	
# Do you want system-wide readable home directories?
adduser	adduser/homedir-permission	boolean	true
# Would you like to balance the IRQs once?
irqbalance	irqbalance/oneshot	boolean	false
# What do you want to do about modified configuration file ?
# Choices: install the package maintainer's version, keep the local version currently installed, show the differences between the versions, show a side-by-side difference between the versions, start a new shell to examine the situation
ucf	ucf/changeprompt	select	keep_current
# 
tasksel	tasksel/terminal	terminal	
# Time zone:
# Choices: Alaska, Aleutian, Arizona, Central, Eastern, Hawaii, Indiana-Starke, Michigan, Mountain, Pacific, Pacific-New, Samoa
tzdata	tzdata/Zones/US	select	
# for internal use
grub-pc	grub-pc/kopt_extracted	boolean	false
# Keyboard layout:
# Choices: USA, USA - Alternative international (former us_intl), USA - Cherokee, USA - Classic Dvorak, USA - Colemak, USA - Dvorak, USA - Dvorak international, USA - Group toggle on multiply/divide key, USA - International (AltGr dead keys), USA - International (with dead keys), USA - Left handed Dvorak, USA - Macintosh, USA - Programmer Dvorak, USA - Right handed Dvorak, USA - Russian phonetic, USA - Serbian, USA - With EuroSign on 5
console-setup	console-setup/variant	select	USA
# kFreeBSD command line:
grub-pc	grub2/kfreebsd_cmdline	string	
# Override local changes to /etc/pam.d/common-*?
libpam-runtime	libpam-runtime/override	boolean	false
# Existing configuration found
ufw	ufw/existing_configuration	error	
# Services to restart for PAM library upgrade:
libpam0g	libpam0g/restart-services	string	
# Services to restart for GNU libc library upgrade:
libc6	glibc/restart-services	string	
# Time zone:
# Choices: Aden, Almaty, Amman, Anadyr, Aqtau, Aqtobe, Ashgabat, Baghdad, Bahrain, Baku, Bangkok, Beirut, Bishkek, Brunei, Choibalsan, Chongqing, Colombo, Damascus, Dhaka, Dili, Dubai, Dushanbe, Gaza, Harbin, Ho_Chi_Minh, Hong_Kong, Hovd, Irkutsk, Istanbul, Jakarta, Jayapura, Jerusalem, Kabul, Kamchatka, Karachi, Kashgar, Kathmandu, Kolkata, Krasnoyarsk, Kuala_Lumpur, Kuching, Kuwait, Macau, Magadan, Makassar, Manila, Muscat, Nicosia, Novokuznetsk, Novosibirsk, Omsk, Oral, Phnom_Penh, Pontianak, Pyongyang, Qatar, Qyzylorda, Rangoon, Riyadh, Riyadh87, Riyadh88, Riyadh89, Sakhalin, Samarkand, Seoul, Shanghai, Singapore, Taipei, Tashkent, Tbilisi, Tehran, Tel_Aviv, Thimphu, Tokyo, Ujung_Pandang, Ulaanbaatar, Urumqi, Vientiane, Vladivostok, Yakutsk, Yekaterinburg, Yerevan
tzdata	tzdata/Zones/Asia	select	
# PAM profiles to enable:
# Choices: Unix authentication
libpam-runtime	libpam-runtime/profiles	multiselect	unix
# for internal use
console-setup	console-setup/variantcode	string	
# kFreeBSD default command line:
grub-pc	grub2/kfreebsd_cmdline_default	string	quiet
# Interface to use:
# Choices: Dialog, Readline, Gnome, Kde, Editor, Noninteractive
debconf	debconf/frontend	select	Dialog
# Certificates to activate:
# Choices: brasil.gov.br/brasil.gov.br.crt, cacert.org/cacert.org.crt, debconf.org/ca.crt, gouv.fr/cert_igca_dsa.crt, gouv.fr/cert_igca_rsa.crt, mozilla/ABAecom_=sub.__Am._Bankers_Assn.=_Root_CA.crt, mozilla/AddTrust_External_Root.crt, mozilla/AddTrust_Low-Value_Services_Root.crt, mozilla/AddTrust_Public_Services_Root.crt, mozilla/AddTrust_Qualified_Certificates_Root.crt, mozilla/America_Online_Root_Certification_Authority_1.crt, mozilla/America_Online_Root_Certification_Authority_2.crt, mozilla/AOL_Time_Warner_Root_Certification_Authority_1.crt, mozilla/AOL_Time_Warner_Root_Certification_Authority_2.crt, mozilla/Baltimore_CyberTrust_Root.crt, mozilla/beTRUSTed_Root_CA-Baltimore_Implementation.crt, mozilla/beTRUSTed_Root_CA.crt, mozilla/beTRUSTed_Root_CA_-_Entrust_Implementation.crt, mozilla/beTRUSTed_Root_CA_-_RSA_Implementation.crt, mozilla/Camerfirma_Chambers_of_Commerce_Root.crt, mozilla/Camerfirma_Global_Chambersign_Root.crt, mozilla/Certplus_Class_2_Primary_CA.crt, mozilla/Certum_Root_CA.crt, mozilla/Comodo_AAA_Services_root.crt, mozilla/COMODO_Certification_Authority.crt, mozilla/COMODO_ECC_Certification_Authority.crt, mozilla/Comodo_Secure_Services_root.crt, mozilla/Comodo_Trusted_Services_root.crt, mozilla/DigiCert_Assured_ID_Root_CA.crt, mozilla/DigiCert_Global_Root_CA.crt, mozilla/DigiCert_High_Assurance_EV_Root_CA.crt, mozilla/Digital_Signature_Trust_Co._Global_CA_1.crt, mozilla/Digital_Signature_Trust_Co._Global_CA_2.crt, mozilla/Digital_Signature_Trust_Co._Global_CA_3.crt, mozilla/Digital_Signature_Trust_Co._Global_CA_4.crt, mozilla/DST_ACES_CA_X6.crt, mozilla/DST_Root_CA_X3.crt, mozilla/Entrust.net_Global_Secure_Personal_CA.crt, mozilla/Entrust.net_Global_Secure_Server_CA.crt, mozilla/Entrust.net_Premium_2048_Secure_Server_CA.crt, mozilla/Entrust.net_Secure_Personal_CA.crt, mozilla/Entrust.net_Secure_Server_CA.crt, mozilla/Entrust_Root_Certification_Authority.crt, mozilla/Equifax_Secure_CA.crt, mozilla/Equifax_Secure_eBusiness_CA_1.crt, mozilla/Equifax_Secure_eBusiness_CA_2.crt, mozilla/Equifax_Secure_Global_eBusiness_CA.crt, mozilla/Firmaprofesional_Root_CA.crt, mozilla/GeoTrust_Global_CA_2.crt, mozilla/GeoTrust_Global_CA.crt, mozilla/GeoTrust_Primary_Certification_Authority.crt, mozilla/GeoTrust_Universal_CA_2.crt, mozilla/GeoTrust_Universal_CA.crt, mozilla/GlobalSign_Root_CA.crt, mozilla/GlobalSign_Root_CA_-_R2.crt, mozilla/Go_Daddy_Class_2_CA.crt, mozilla/GTE_CyberTrust_Global_Root.crt, mozilla/GTE_CyberTrust_Root_CA.crt, mozilla/IPS_Chained_CAs_root.crt, mozilla/IPS_CLASE1_root.crt, mozilla/IPS_CLASE3_root.crt, mozilla/IPS_CLASEA1_root.crt, mozilla/IPS_CLASEA3_root.crt, mozilla/IPS_Servidores_root.crt, mozilla/IPS_Timestamping_root.crt, mozilla/NetLock_Business_=Class_B=_Root.crt, mozilla/NetLock_Express_=Class_C=_Root.crt, mozilla/NetLock_Notary_=Class_A=_Root.crt, mozilla/NetLock_Qualified_=Class_QA=_Root.crt, mozilla/Network_Solutions_Certificate_Authority.crt, mozilla/QuoVadis_Root_CA_2.crt, mozilla/QuoVadis_Root_CA_3.crt, mozilla/QuoVadis_Root_CA.crt, mozilla/RSA_Root_Certificate_1.crt, mozilla/RSA_Security_1024_v3.crt, mozilla/RSA_Security_2048_v3.crt, mozilla/Secure_Global_CA.crt, mozilla/SecureTrust_CA.crt, mozilla/Security_Communication_Root_CA.crt, mozilla/Sonera_Class_1_Root_CA.crt, mozilla/Sonera_Class_2_Root_CA.crt, mozilla/Staat_der_Nederlanden_Root_CA.crt, mozilla/Starfield_Class_2_CA.crt, mozilla/StartCom_Certification_Authority.crt, mozilla/StartCom_Ltd..crt, mozilla/Swisscom_Root_CA_1.crt, mozilla/SwissSign_Gold_CA_-_G2.crt, mozilla/SwissSign_Platinum_CA_-_G2.crt, mozilla/SwissSign_Silver_CA_-_G2.crt, mozilla/Taiwan_GRCA.crt, mozilla/TC_TrustCenter__Germany__Class_2_CA.crt, mozilla/TC_TrustCenter__Germany__Class_3_CA.crt, mozilla/TDC_Internet_Root_CA.crt, mozilla/TDC_OCES_Root_CA.crt, mozilla/Thawte_Personal_Basic_CA.crt, mozilla/Thawte_Personal_Freemail_CA.crt, mozilla/Thawte_Personal_Premium_CA.crt, mozilla/Thawte_Premium_Server_CA.crt, mozilla/thawte_Primary_Root_CA.crt, mozilla/Thawte_Server_CA.crt, mozilla/Thawte_Time_Stamping_CA.crt, mozilla/TURKTRUST_Certificate_Services_Provider_Root_1.crt, mozilla/TURKTRUST_Certificate_Services_Provider_Root_2.crt, mozilla/UTN_DATACorp_SGC_Root_CA.crt, mozilla/UTN_USERFirst_Email_Root_CA.crt, mozilla/UTN_USERFirst_Hardware_Root_CA.crt, mozilla/UTN-USER_First-Network_Applications.crt, mozilla/ValiCert_Class_1_VA.crt, mozilla/ValiCert_Class_2_VA.crt, mozilla/Verisign_Class_1_Public_Primary_Certification_Authority.crt, mozilla/Verisign_Class_1_Public_Primary_Certification_Authority_-_G2.crt, mozilla/Verisign_Class_1_Public_Primary_Certification_Authority_-_G3.crt, mozilla/Verisign_Class_2_Public_Primary_Certification_Authority.crt, mozilla/Verisign_Class_2_Public_Primary_Certification_Authority_-_G2.crt, mozilla/Verisign_Class_2_Public_Primary_Certification_Authority_-_G3.crt, mozilla/Verisign_Class_3_Public_Primary_Certification_Authority.crt, mozilla/Verisign_Class_3_Public_Primary_Certification_Authority_-_G2.crt, mozilla/Verisign_Class_3_Public_Primary_Certification_Authority_-_G3.crt, mozilla/VeriSign_Class_3_Public_Primary_Certification_Authority_-_G5.crt, mozilla/Verisign_Class_4_Public_Primary_Certification_Authority_-_G2.crt, mozilla/Verisign_Class_4_Public_Primary_Certification_Authority_-_G3.crt, mozilla/Verisign_RSA_Secure_Server_CA.crt, mozilla/Verisign_Time_Stamping_Authority_CA.crt, mozilla/Visa_eCommerce_Root.crt, mozilla/Visa_International_Global_Root_2.crt, mozilla/Wells_Fargo_Root_CA.crt, mozilla/WellsSecure_Public_Root_Certificate_Authority.crt, mozilla/XRamp_Global_CA_Root.crt, signet.pl/signet_ca1_pem.crt, signet.pl/signet_ca2_pem.crt, signet.pl/signet_ca3_pem.crt, signet.pl/signet_ocspklasa2_pem.crt, signet.pl/signet_ocspklasa3_pem.crt, signet.pl/signet_pca2_pem.crt, signet.pl/signet_pca3_pem.crt, signet.pl/signet_rootca_pem.crt, signet.pl/signet_tsa1_pem.crt, spi-inc.org/spi-ca-2003.crt, spi-inc.org/spi-cacert-2008.crt, telesec.de/deutsche-telekom-root-ca-2.crt
ca-certificates	ca-certificates/enable_crts	multiselect	brasil.gov.br/brasil.gov.br.crt, cacert.org/cacert.org.crt, debconf.org/ca.crt, gouv.fr/cert_igca_dsa.crt, gouv.fr/cert_igca_rsa.crt, mozilla/ABAecom_=sub.__Am._Bankers_Assn.=_Root_CA.crt, mozilla/AddTrust_External_Root.crt, mozilla/AddTrust_Low-Value_Services_Root.crt, mozilla/AddTrust_Public_Services_Root.crt, mozilla/AddTrust_Qualified_Certificates_Root.crt, mozilla/America_Online_Root_Certification_Authority_1.crt, mozilla/America_Online_Root_Certification_Authority_2.crt, mozilla/AOL_Time_Warner_Root_Certification_Authority_1.crt, mozilla/AOL_Time_Warner_Root_Certification_Authority_2.crt, mozilla/Baltimore_CyberTrust_Root.crt, mozilla/beTRUSTed_Root_CA-Baltimore_Implementation.crt, mozilla/beTRUSTed_Root_CA.crt, mozilla/beTRUSTed_Root_CA_-_Entrust_Implementation.crt, mozilla/beTRUSTed_Root_CA_-_RSA_Implementation.crt, mozilla/Camerfirma_Chambers_of_Commerce_Root.crt, mozilla/Camerfirma_Global_Chambersign_Root.crt, mozilla/Certplus_Class_2_Primary_CA.crt, mozilla/Certum_Root_CA.crt, mozilla/Comodo_AAA_Services_root.crt, mozilla/COMODO_Certification_Authority.crt, mozilla/COMODO_ECC_Certification_Authority.crt, mozilla/Comodo_Secure_Services_root.crt, mozilla/Comodo_Trusted_Services_root.crt, mozilla/DigiCert_Assured_ID_Root_CA.crt, mozilla/DigiCert_Global_Root_CA.crt, mozilla/DigiCert_High_Assurance_EV_Root_CA.crt, mozilla/Digital_Signature_Trust_Co._Global_CA_1.crt, mozilla/Digital_Signature_Trust_Co._Global_CA_2.crt, mozilla/Digital_Signature_Trust_Co._Global_CA_3.crt, mozilla/Digital_Signature_Trust_Co._Global_CA_4.crt, mozilla/DST_ACES_CA_X6.crt, mozilla/DST_Root_CA_X3.crt, mozilla/Entrust.net_Global_Secure_Personal_CA.crt, mozilla/Entrust.net_Global_Secure_Server_CA.crt, mozilla/Entrust.net_Premium_2048_Secure_Server_CA.crt, mozilla/Entrust.net_Secure_Personal_CA.crt, mozilla/Entrust.net_Secure_Server_CA.crt, mozilla/Entrust_Root_Certification_Authority.crt, mozilla/Equifax_Secure_CA.crt, mozilla/Equifax_Secure_eBusiness_CA_1.crt, mozilla/Equifax_Secure_eBusiness_CA_2.crt, mozilla/Equifax_Secure_Global_eBusiness_CA.crt, mozilla/Firmaprofesional_Root_CA.crt, mozilla/GeoTrust_Global_CA_2.crt, mozilla/GeoTrust_Global_CA.crt, mozilla/GeoTrust_Primary_Certification_Authority.crt, mozilla/GeoTrust_Universal_CA_2.crt, mozilla/GeoTrust_Universal_CA.crt, mozilla/GlobalSign_Root_CA.crt, mozilla/GlobalSign_Root_CA_-_R2.crt, mozilla/Go_Daddy_Class_2_CA.crt, mozilla/GTE_CyberTrust_Global_Root.crt, mozilla/GTE_CyberTrust_Root_CA.crt, mozilla/IPS_Chained_CAs_root.crt, mozilla/IPS_CLASE1_root.crt, mozilla/IPS_CLASE3_root.crt, mozilla/IPS_CLASEA1_root.crt, mozilla/IPS_CLASEA3_root.crt, mozilla/IPS_Servidores_root.crt, mozilla/IPS_Timestamping_root.crt, mozilla/NetLock_Business_=Class_B=_Root.crt, mozilla/NetLock_Express_=Class_C=_Root.crt, mozilla/NetLock_Notary_=Class_A=_Root.crt, mozilla/NetLock_Qualified_=Class_QA=_Root.crt, mozilla/Network_Solutions_Certificate_Authority.crt, mozilla/QuoVadis_Root_CA_2.crt, mozilla/QuoVadis_Root_CA_3.crt, mozilla/QuoVadis_Root_CA.crt, mozilla/RSA_Root_Certificate_1.crt, mozilla/RSA_Security_1024_v3.crt, mozilla/RSA_Security_2048_v3.crt, mozilla/Secure_Global_CA.crt, mozilla/SecureTrust_CA.crt, mozilla/Security_Communication_Root_CA.crt, mozilla/Sonera_Class_1_Root_CA.crt, mozilla/Sonera_Class_2_Root_CA.crt, mozilla/Staat_der_Nederlanden_Root_CA.crt, mozilla/Starfield_Class_2_CA.crt, mozilla/StartCom_Certification_Authority.crt, mozilla/StartCom_Ltd..crt, mozilla/Swisscom_Root_CA_1.crt, mozilla/SwissSign_Gold_CA_-_G2.crt, mozilla/SwissSign_Platinum_CA_-_G2.crt, mozilla/SwissSign_Silver_CA_-_G2.crt, mozilla/Taiwan_GRCA.crt, mozilla/TC_TrustCenter__Germany__Class_2_CA.crt, mozilla/TC_TrustCenter__Germany__Class_3_CA.crt, mozilla/TDC_Internet_Root_CA.crt, mozilla/TDC_OCES_Root_CA.crt, mozilla/Thawte_Personal_Basic_CA.crt, mozilla/Thawte_Personal_Freemail_CA.crt, mozilla/Thawte_Personal_Premium_CA.crt, mozilla/Thawte_Premium_Server_CA.crt, mozilla/thawte_Primary_Root_CA.crt, mozilla/Thawte_Server_CA.crt, mozilla/Thawte_Time_Stamping_CA.crt, mozilla/TURKTRUST_Certificate_Services_Provider_Root_1.crt, mozilla/TURKTRUST_Certificate_Services_Provider_Root_2.crt, mozilla/UTN_DATACorp_SGC_Root_CA.crt, mozilla/UTN_USERFirst_Email_Root_CA.crt, mozilla/UTN_USERFirst_Hardware_Root_CA.crt, mozilla/UTN-USER_First-Network_Applications.crt, mozilla/ValiCert_Class_1_VA.crt, mozilla/ValiCert_Class_2_VA.crt, mozilla/Verisign_Class_1_Public_Primary_Certification_Authority.crt, mozilla/Verisign_Class_1_Public_Primary_Certification_Authority_-_G2.crt, mozilla/Verisign_Class_1_Public_Primary_Certification_Authority_-_G3.crt, mozilla/Verisign_Class_2_Public_Primary_Certification_Authority.crt, mozilla/Verisign_Class_2_Public_Primary_Certification_Authority_-_G2.crt, mozilla/Verisign_Class_2_Public_Primary_Certification_Authority_-_G3.crt, mozilla/Verisign_Class_3_Public_Primary_Certification_Authority.crt, mozilla/Verisign_Class_3_Public_Primary_Certification_Authority_-_G2.crt, mozilla/Verisign_Class_3_Public_Primary_Certification_Authority_-_G3.crt, mozilla/VeriSign_Class_3_Public_Primary_Certification_Authority_-_G5.crt, mozilla/Verisign_Class_4_Public_Primary_Certification_Authority_-_G2.crt, mozilla/Verisign_Class_4_Public_Primary_Certification_Authority_-_G3.crt, mozilla/Verisign_RSA_Secure_Server_CA.crt, mozilla/Verisign_Time_Stamping_Authority_CA.crt, mozilla/Visa_eCommerce_Root.crt, mozilla/Visa_International_Global_Root_2.crt, mozilla/Wells_Fargo_Root_CA.crt, mozilla/WellsSecure_Public_Root_Certificate_Authority.crt, mozilla/XRamp_Global_CA_Root.crt, signet.pl/signet_ca1_pem.crt, signet.pl/signet_ca2_pem.crt, signet.pl/signet_ca3_pem.crt, signet.pl/signet_ocspklasa2_pem.crt, signet.pl/signet_ocspklasa3_pem.crt, signet.pl/signet_pca2_pem.crt, signet.pl/signet_pca3_pem.crt, signet.pl/signet_rootca_pem.crt, signet.pl/signet_tsa1_pem.crt, spi-inc.org/spi-ca-2003.crt, spi-inc.org/spi-cacert-2008.crt, telesec.de/deutsche-telekom-root-ca-2.crt
# Unable to migrate to dependency based boot system
sysv-rc	sysv-rc/unable-to-convert	note	
# Choose software to install:
# Choices: Basic Ubuntu server, DNS server, LAMP server, Mail server, OpenSSH server, PostgreSQL database, Print server, Samba file server, Tomcat Java server, Virtual Machine host, Manual package selection
tasksel	tasksel/first	multiselect	OpenSSH server
# Time zone:
# Choices: GMT, GMT+0, GMT+1, GMT+10, GMT+11, GMT+12, GMT+2, GMT+3, GMT+4, GMT+5, GMT+6, GMT+7, GMT+8, GMT+9, GMT-0, GMT-1, GMT-10, GMT-11, GMT-12, GMT-13, GMT-14, GMT-2, GMT-3, GMT-4, GMT-5, GMT-6, GMT-7, GMT-8, GMT-9, GMT0, Greenwich, UCT, UTC, Universal, Zulu
tzdata	tzdata/Zones/Etc	select	UTC
# Services to restart to make them use the new libraries:
libssl0.9.8	libssl0.9.8/restart-services	string	
# Keep default keyboard layout ()?
console-setup	console-setup/unsupported_layout	boolean	true
# New certificates to activate:
# Choices: 
ca-certificates	ca-certificates/new_crts	multiselect	
# Which tasks should not be shown or installed
tasksel	tasksel/skip-tasks	string	
# Start ufw automatically?
ufw	ufw/enable	boolean	false
# for internal use
console-setup	console-setup/codesetcode	string	Lat15
# Migrate legacy boot sequencing to dependency based sequencing?
sysv-rc	sysv-rc/convert-legacy	boolean	true
# Time zone:
# Choices: AST4, AST4ADT, CST6, CST6CDT, EST5, EST5EDT, HST10, MST7, MST7MDT, PST8, PST8PDT, YST9, YST9YDT
tzdata	tzdata/Zones/SystemV	select	
# xscreensaver and xlockmore must be restarted before upgrading
libc6	glibc/disable-screensaver	error	
# Do you want to risk killing active SSH sessions?
openssh-server	ssh/use_old_init_script	boolean	true
# Time zone:
# Choices: Abidjan, Accra, Addis Ababa, Algiers, Asmara, Bamako, Bangui, Banjul, Bissau, Blantyre, Brazzaville, Bujumbura, Cairo, Casablanca, Ceuta, Conakry, Dakar, Dar es Salaam, Djibouti, Douala, El-Aaiún, Freetown, Gaborone, Harare, Johannesburg, Kampala, Khartoum, Kigali, Kinshasa, Lagos, Libreville, Lome, Luanda, Lubumbashi, Lusaka, Malabo, Maputo, Maseru, Mbabane, Mogadishu, Monrovia, Nairobi, Ndjamena, Niamey, Nouakchott, Ouagadougou, Porto-Novo, Sao Tome, Timbuktu, Tripoli, Tunis, Windhoek
tzdata	tzdata/Zones/Africa	select	
# for internal use only
d-i	debian-installer/language	string	en
# Conflicts found in three-way merge
ucf	ucf/conflicts_found	error	
# GRUB installation failed.  Continue?
grub-pc	grub-pc/install_devices_failed	boolean	false
# Keep unsupported options ()?
console-setup	console-setup/unsupported_options	boolean	true
# Your system allowed access without a password!
libpam-runtime	libpam-runtime/you-had-no-auth	error	
# Update /etc/network/interfaces?
ifupdown	ifupdown/convert-interfaces	boolean	true
# for internal use
console-setup	console-setup/layoutcode	string	us
# Encoding to use on the console:
# Choices: ARMSCII-8, CP1251, CP1255, CP1256, GEORGIAN-ACADEMY, GEORGIAN-PS, IBM1133, ISIRI-3342, ISO-8859-1, ISO-8859-10, ISO-8859-11, ISO-8859-13, ISO-8859-14, ISO-8859-15, ISO-8859-16, ISO-8859-2, ISO-8859-3, ISO-8859-4, ISO-8859-5, ISO-8859-6, ISO-8859-7, ISO-8859-8, ISO-8859-9, KOI8-R, KOI8-U, TIS-620, UTF-8, VISCII
console-setup	console-setup/charmap	select	UTF-8
# Time zone:
# Choices: Adak, Anchorage, Anguilla, Antigua, Araguaina, Argentina/Buenos_Aires, Argentina/Catamarca, Argentina/Cordoba, Argentina/Jujuy, Argentina/La_Rioja, Argentina/Mendoza, Argentina/Rio_Gallegos, Argentina/Salta, Argentina/San_Juan, Argentina/San_Luis, Argentina/Tucuman, Argentina/Ushuaia, Aruba, Asuncion, Atikokan, Atka, Bahia, Barbados, Belem, Belize, Blanc-Sablon, Boa_Vista, Bogota, Boise, Cambridge_Bay, Campo_Grande, Cancun, Caracas, Cayenne, Cayman, Chicago, Chihuahua, Coral_Harbour, Costa_Rica, Cuiaba, Curacao, Danmarkshavn, Dawson, Dawson_Creek, Denver, Detroit, Dominica, Edmonton, Eirunepe, El_Salvador, Ensenada, Fortaleza, Glace_Bay, Godthab, Goose_Bay, Grand_Turk, Grenada, Guadeloupe, Guatemala, Guayaquil, Guyana, Halifax, Havana, Hermosillo, Indiana/Indianapolis, Indiana/Knox, Indiana/Marengo, Indiana/Petersburg, Indiana/Tell_City, Indiana/Vevay, Indiana/Vincennes, Indiana/Winamac, Inuvik, Iqaluit, Jamaica, Juneau, Kentucky/Louisville, Kentucky/Monticello, La_Paz, Lima, Los_Angeles, Maceio, Managua, Manaus, Marigot, Martinique, Matamoros, Mazatlan, Menominee, Merida, Mexico_City, Miquelon, Moncton, Monterrey, Montevideo, Montreal, Montserrat, Nassau, New_York, Nipigon, Nome, Noronha, North_Dakota/Center, North_Dakota/New_Salem, Ojinaga, Panama, Pangnirtung, Paramaribo, Phoenix, Port-au-Prince, Port_of_Spain, Porto_Acre, Porto_Velho, Puerto_Rico, Rainy_River, Rankin_Inlet, Recife, Regina, Resolute, Rio_Branco, Santa_Isabel, Santarem, Santiago, Santo_Domingo, Sao_Paulo, Scoresbysund, Shiprock, St_Barthelemy, St_Johns, St_Kitts, St_Lucia, St_Thomas, St_Vincent, Swift_Current, Tegucigalpa, Thule, Thunder_Bay, Tijuana, Toronto, Tortola, Vancouver, Virgin, Whitehorse, Winnipeg, Yakutat, Yellowknife
tzdata	tzdata/Zones/America	select	
# GRUB install devices:
# Choices: 
grub-pc	grub-pc/install_devices	multiselect	
# dhclient needs restarting
dhcp3-client	dhcp3-client/dhclient-needs-restarting	note	
# Trust new certificates from certificate authorities?
# Choices: yes, no, ask
ca-certificates	ca-certificates/trust_new_crts	select	yes
# Vulnerable host keys will be regenerated
openssh-server	ssh/vulnerable_host_keys	note	
# Compose key:
# Choices: No compose key, Right Alt, Right Control, Right Logo key, Menu key, Left Logo key, Caps Lock
console-setup	console-setup/compose	select	No compose key
# Font size:
# Choices: 14, 16, 8
console-setup	console-setup/fontsize-text	select	16
# Failure restarting some services for OpenSSL upgrade
libssl0.9.8	libssl0.9.8/restart-failed	error	
# Additional authorized services:
ufw	ufw/allow_custom_ports	string	
# Remove GRUB 2 from /boot/grub?
grub-pc	grub-pc/postrm_purge_boot_grub	boolean	false
# for internal use
console-setup	console-setup/modelcode	string	pc105
# for internal use
console-setup	console-setup/optionscode	string	lv3:ralt_switch
# Display manager must be restarted manually
libpam0g	libpam0g/xdm-needs-restart	error	
# Should man and mandb be installed 'setuid man'?
man-db	man-db/install-setuid	boolean	false
# Failure restarting some services for GNU libc upgrade
libc6	glibc/restart-failed	error	
# Detect keyboard layout?
console-setup	console-setup/ask_detect	boolean	false
# AltGr key replacement:
# Choices: No AltGr key, Right Alt, Right Control, Right Logo key, Menu key, Left Alt, Left Logo key, Keypad Enter key, Both Logo keys, Both Alt keys
console-setup	console-setup/altgr	select	Right Alt
# for internal use
popularity-contest	popularity-contest/submiturls	string	
# Line by line differences between versions
ucf	ucf/show_diff	note	
# Time zone:
# Choices: Longyearbyen
tzdata	tzdata/Zones/Arctic	select	
# Install dash as /bin/sh?
dash	dash/sh	boolean	true
# for internal use; can be preseeded
d-i	debian-installer/country	string	US
# Virtual consoles in use:
console-setup	console-setup/ttys	string	/dev/tty[1-6]
# Would you like to enable irqbalance?
irqbalance	irqbalance/enable	boolean	true
# Additional home directory locations:
apparmor	apparmor/homedirs	string	
# GRUB install devices:
# Choices: 
grub-pc	grub-pc/install_devices_disks_changed	multiselect	
# Linux default command line:
grub-pc	grub2/linux_cmdline_default	string	splash quiet
# Failure restarting some services for PAM upgrade
libpam0g	libpam0g/restart-failed	error	
# Choose software to install:
# Choices: 
tasksel	tasksel/tasks	multiselect	
# Disable challenge-response authentication?
openssh-server	ssh/disable_cr_auth	boolean	false
# Time zone:
# Choices: Apia, Auckland, Chatham, Easter, Efate, Enderbury, Fakaofo, Fiji, Funafuti, Galapagos, Gambier, Guadalcanal, Guam, Honolulu, Johnston, Kiritimati, Kosrae, Kwajalein, Majuro, Marquesas, Midway, Nauru, Niue, Norfolk, Noumea, Pago Pago, Palau, Pitcairn, Ponape, Port Moresby, Rarotonga, Saipan, Samoa, Tahiti, Tarawa, Tongatapu, Truk, Wake, Wallis, Yap
tzdata	tzdata/Zones/Pacific	select	
# Keep unsupported options ()?
console-setup	console-setup/unsupported_config_options	boolean	true
# Chainload from menu.lst?
grub-pc	grub-pc/chainload_from_menu.lst	boolean	true
# Geographic area:
# Choices: Africa, America, Antarctica, Australia, Arctic, Asia, Atlantic, Europe, Indian, Pacific, SystemV, US, Etc
tzdata	tzdata/Areas	select	Etc
# Keyboard model:
# Choices: A4Tech KB-21, A4Tech KBS-8, A4Tech Wireless Desktop RFKB-23, ACPI Standard, Acer AirKey V, Acer C300, Acer Ferrari 4000, Acer Laptop, Advance Scorpius KI, Amiga, Apple, Apple Aluminium Keyboard (ANSI), Apple Aluminium Keyboard (ISO), Apple Aluminium Keyboard (JIS), Apple Laptop, Asus Laptop, Atari TT, Azona RF2300 wireless Internet Keyboard, BTC 5090, BTC 5113RF Multimedia, BTC 5126T, BTC 6301URF, BTC 9000, BTC 9000A, BTC 9001AH, BTC 9019U, BTC 9116U Mini Wireless Internet and Gaming, BenQ X-Touch, BenQ X-Touch 730, BenQ X-Touch 800, Brother Internet Keyboard, Cherry B.UNLIMITED, Cherry Blue Line CyBo@rd, Cherry Blue Line CyBo@rd (alternate option), Cherry CyBo@rd USB-Hub, Cherry CyMotion Expert, Cherry CyMotion Master Linux, Cherry CyMotion Master XPress, Chicony Internet Keyboard, Chicony KB-9885, Chicony KU-0108, Chicony KU-0420, Classmate PC, Compaq Easy Access Keyboard, Compaq Internet Keyboard (13 keys), Compaq Internet Keyboard (18 keys), Compaq Internet Keyboard (7 keys), Compaq iPaq Keyboard, Creative Desktop Wireless 7000, DTK2000, Dell, Dell 101-key PC, Dell Laptop/notebook Inspiron 6xxx/8xxx, Dell Laptop/notebook Precision M series, Dell Latitude series laptop, Dell Precision M65, Dell SK-8125, Dell SK-8135, Dell USB Multimedia Keyboard, Dexxa Wireless Desktop Keyboard, Diamond 9801 / 9802 series, Do not configure keyboard; keep kernel keymap, Ennyah DKB-1008, Evdev-managed keyboard, Everex STEPnote, FL90, Fujitsu-Siemens Computers AMILO laptop, Generic 101-key PC, Generic 102-key (Intl) PC, Generic 104-key PC, Generic 105-key (Intl) PC, Genius Comfy KB-12e, Genius Comfy KB-16M / Genius MM Keyboard KWD-910, Genius Comfy KB-21e-Scroll, Genius KB-19e NB, Genius KKB-2050HS, Gyration, Happy Hacking Keyboard, Happy Hacking Keyboard for Mac, Hewlett-Packard Internet Keyboard, Hewlett-Packard Mini 110 Notebook, Hewlett-Packard Omnibook 500 FA, Hewlett-Packard Omnibook 5xx, Hewlett-Packard Omnibook 6000/6100, Hewlett-Packard Omnibook XE3 GC, Hewlett-Packard Omnibook XE3 GF, Hewlett-Packard Omnibook XT1000, Hewlett-Packard Pavilion ZT11xx, Hewlett-Packard Pavilion dv5, Hewlett-Packard SK-250x Multimedia Keyboard, Hewlett-Packard nx9020, Honeywell Euroboard, IBM Rapid Access, IBM Rapid Access II, IBM Space Saver, IBM ThinkPad 560Z/600/600E/A22E, IBM ThinkPad R60/T60/R61/T61, IBM ThinkPad Z60m/Z60t/Z61m/Z61t, Intelligent Keyboard K04, Keytronic FlexPro, Laptop/notebook Compaq (eg. Armada) Laptop Keyboard, Laptop/notebook Compaq (eg. Presario) Internet Keyboard, Laptop/notebook eMachines m68xx, Logitech Access Keyboard, Logitech Cordless Desktop, Logitech Cordless Desktop (alternate option), Logitech Cordless Desktop EX110, Logitech Cordless Desktop LX-300, Logitech Cordless Desktop Navigator, Logitech Cordless Desktop Optical, Logitech Cordless Desktop Pro (alternate option 2), Logitech Cordless Desktop iTouch, Logitech Cordless Freedom/Desktop Navigator, Logitech G15 extra keys via G15daemon, Logitech Generic Keyboard, Logitech Internet 350 Keyboard, Logitech Internet Keyboard, Logitech Internet Navigator Keyboard, Logitech Media Elite Keyboard, Logitech Ultra-X Cordless Media Desktop Keyboard, Logitech Ultra-X Keyboard, Logitech diNovo Edge Keyboard, Logitech diNovo Keyboard, Logitech iTouch, Logitech iTouch Cordless Keyboard (model Y-RB6), Logitech iTouch Internet Navigator Keyboard SE, Logitech iTouch Internet Navigator Keyboard SE (USB), MacBook/MacBook Pro, MacBook/MacBook Pro (Intl), Macintosh, Macintosh Old, Memorex MX1998, Memorex MX2500 EZ-Access Keyboard, Memorex MX2750, Microsoft Comfort Curve Keyboard 2000, Microsoft Internet Keyboard, Microsoft Internet Keyboard Pro\, Swedish, Microsoft Natural, Microsoft Natural Keyboard Elite, Microsoft Natural Keyboard Pro / Microsoft Internet Keyboard Pro, Microsoft Natural Keyboard Pro OEM, Microsoft Natural Keyboard Pro USB / Microsoft Internet Keyboard Pro, Microsoft Natural Wireless Ergonomic Keyboard 7000, Microsoft Office Keyboard, Microsoft Wireless Multimedia Keyboard 1.0A, Northgate OmniKey 101, OLPC, Ortek MCK-800 MM/Internet keyboard, PC-98xx Series, Propeller Voyager (KTEZ-1000), QTronix Scorpius 98N+, SILVERCREST Multimedia Wireless Keyboard, SK-1300, SK-2500, SK-6200, SK-7100, SVEN Ergonomic 2500, SVEN Slim 303, Samsung SDM 4500P, Samsung SDM 4510P, Sun Type 4, Sun Type 5, Sun Type 5/6, Super Power Multimedia Keyboard, Symplon PaceBook (tablet PC), Targa Visionary 811, Toshiba Satellite S3000, Trust Direct Access Keyboard, Trust Slimline, Trust Wireless Keyboard Classic, TypeMatrix EZ-Reach 2020, TypeMatrix EZ-Reach 2030 PS2, TypeMatrix EZ-Reach 2030 USB, TypeMatrix EZ-Reach 2030 USB (102/105:EU mode), TypeMatrix EZ-Reach 2030 USB (106:JP mode), Unitek KB-1925, ViewSonic KU-306 Internet Keyboard, Winbook Model XP5, Yahoo! Internet Keyboard
console-setup	console-setup/model	select	Generic 105-key (Intl) PC
# Font size:
# Choices: 
console-setup	console-setup/fontsize-fb	select	16
# Username for your account:
user-setup-udeb	passwd/username	string	zh
# New host key mandatory
openssh-server	ssh/encrypted_host_key_but_no_keygen	note	
# Origin of the keyboard:
# Choices: Afghanistan, Albania, Andorra, Arabic, Armenia, Azerbaijan, Bangladesh, Belarus, Belgium, Bhutan, Bosnia and Herzegovina, Braille, Brazil, Bulgaria, Cambodia, Canada, China, Congo\, Democratic Republic of the, Croatia, Czechia, Denmark, Esperanto, Estonia, Ethiopia, Faroe Islands, Finland, France, Georgia, Germany, Ghana, Greece, Guinea, Hungary, Iceland, India, Iran, Iraq, Ireland, Israel, Italy, Japan, Japan (PC-98xx Series), Kazakhstan, Korea\, Republic of, Kyrgyzstan, Laos, Latin American, Latvia, Lithuania, Macedonia, Maldives, Mali, Malta, Maori, Mongolia, Montenegro, Morocco, Myanmar, Nepal, Netherlands, Nigeria, Norway, Pakistan, Poland, Portugal, Romania, Russia, Senegal, Serbia, Slovakia, Slovenia, South Africa, Spain, Sri Lanka, Sweden, Switzerland, Syria, Taiwan, Tajikistan, Tanzania, Thailand, Turkey, Turkmenistan, USA, Ukraine, United Kingdom, Uzbekistan, Vietnam
console-setup	console-setup/layout	select	USA
# dhclient-script moved
dhcp3-client	dhcp3-client/dhclient-script_moved	note	
# Participate in the package usage survey?
popularity-contest	popularity-contest/participate	boolean	false
# Time zone:
# Choices: Casey, Davis, DumontDUrville, Macquarie, Mawson, McMurdo, Palmer, Rothera, Syowa, Vostok
tzdata	tzdata/Zones/Antarctica	select	
# Hide the GRUB timeout
grub-pc	grub-pc/hidden_timeout	boolean	true
# Which tasks should always be installed
tasksel	tasksel/force-tasks	string	
# Do you want to upgrade glibc now?
libc6	glibc/upgrade	boolean	true
# Method for temporarily toggling between national and Latin input:
# Choices: No temporary switch, Both Logo keys, Right Alt, Right Logo key, Left Alt, Left Logo key
console-setup	console-setup/switch	select	No temporary switch
# Linux command line:
grub-pc	grub2/linux_cmdline	string	console=hvc0
# Ignore questions with a priority less than:
# Choices: critical, high, medium, low
debconf	debconf/priority	select	high
# Detecting your keyboard layout
console-setup	console-setup/detect	detect-keyboard	
# Keep unsupported settings in configuration file?
console-setup	console-setup/unsupported_config_layout	boolean	true
# Character set to support:
# Choices: . Arabic, # Armenian, # Cyrillic - KOI8-R and KOI8-U, # Cyrillic - non-Slavic languages, # Cyrillic - Slavic languages (also Bosnian and Serbian Latin), . Ethiopic, # Georgian, # Greek, # Hebrew, # Lao, # Latin1 and Latin5 - western Europe and Turkic languages, # Latin2 - central Europe and Romanian, # Latin3 and Latin8 - Chichewa; Esperanto; Irish; Maltese and Welsh, # Latin7 - Lithuanian; Latvian; Maori and Marshallese, . Latin - Vietnamese, # Thai, . Combined - Latin; Slavic Cyrillic; Hebrew; basic Arabic, . Combined - Latin; Slavic Cyrillic; Greek, . Combined - Latin; Slavic and non-Slavic Cyrillic
console-setup	console-setup/codeset	select	# Latin1 and Latin5 - western Europe and Turkic languages
# Keyboard layout detection complete
console-setup	console-setup/detected	note	
# Time zone:
# Choices: Azores, Bermuda, Canary, Cape Verde, Faroe, Jan Mayen, Madeira, Reykjavik, South Georgia, St. Helena, Stanley
tzdata	tzdata/Zones/Atlantic	select	
# The desktop environment to install when the desktop task is selected
# Choices: gnome, kde, xfce
tasksel	tasksel/desktop	multiselect	gnome
# for internal use; can be preseeded
man-db	man-db/auto-update	boolean	true
# Continue without installing GRUB?
grub-pc	grub-pc/install_devices_empty	boolean	false
# What do you want to do about modified configuration file ?
# Choices: install the package maintainer's version, keep the local version currently installed, show the differences between the versions, show a side-by-side difference between the versions, show a 3-way difference between available versions, do a 3-way merge between available versions (experimental), start a new shell to examine the situation
ucf	ucf/changeprompt_threeway	select	keep_current
# Authorized services:
# Choices: CUPS, DNS, IMAPS, POP3S, SSH, CIFS (Samba), SMTP, HTTP, HTTPS
ufw	ufw/allow_known_ports	multiselect	
# xscreensaver and xlockmore must be restarted before upgrading
libpam-modules	libpam-modules/disable-screensaver	error	
# Method for toggling between national and Latin mode:
# Choices: Caps Lock, Right Alt, Right Control, Right Shift, Right Logo key, Menu key, Alt+Shift, Control+Shift, Control+Alt, Alt+Caps Lock, Left Control+Left Shift, Left Alt, Left Control, Left Shift, Left Logo key, Scroll Lock key, No toggling
console-setup	console-setup/toggle	select	No toggling
# Font for the console:
# Choices: Fixed, Terminus, TerminusBold, TerminusBoldVGA, VGA
console-setup	console-setup/fontface	select	VGA
# Incompatible PAM profiles selected.
libpam-runtime	libpam-runtime/conflicts	error	
# GRUB timeout
grub-pc	grub-pc/timeout	string	10
# for internal use
console-setup	console-setup/fontsize	string	16
# Time zone:
# Choices: Amsterdam, Andorra, Athens, Belfast, Belgrade, Berlin, Bratislava, Brussels, Bucharest, Budapest, Chisinau, Copenhagen, Dublin, Gibraltar, Guernsey, Helsinki, Isle of Man, Istanbul, Jersey, Kaliningrad, Kiev, Lisbon, Ljubljana, London, Luxembourg, Madrid, Malta, Mariehamn, Minsk, Monaco, Moscow, Nicosia, Oslo, Paris, Podgorica, Prague, Riga, Rome, Samara, San Marino, Sarajevo, Simferopol, Skopje, Sofia, Stockholm, Tallinn, Tirane, Tiraspol, Uzhgorod, Vaduz, Vatican, Vienna, Vilnius, Volgograd, Warsaw, Zagreb, Zaporozhye, Zurich
tzdata	tzdata/Zones/Europe	select	
# No PAM profiles have been selected.
libpam-runtime	libpam-runtime/no_profiles_chosen	error	
# Time zone:
# Choices: Antananarivo, Chagos, Christmas, Cocos, Comoro, Kerguelen, Mahe, Maldives, Mauritius, Mayotte, Reunion
tzdata	tzdata/Zones/Indian	select	
# Which tasks should be shown
tasksel	tasksel/limit-tasks	string	
