00:00.0 Host bridge: Intel Corporation Sandy Bridge DMI2 (rev 07)
00:01.0 PCI bridge: Intel Corporation Sandy Bridge IIO PCI Express Root Port 1a (rev 07)
00:01.1 PCI bridge: Intel Corporation Sandy Bridge IIO PCI Express Root Port 1b (rev 07)
00:02.0 PCI bridge: Intel Corporation Sandy Bridge IIO PCI Express Root Port 2a (rev 07)
00:03.0 PCI bridge: Intel Corporation Sandy Bridge IIO PCI Express Root Port 3a in PCI Express Mode (rev 07)
00:03.2 PCI bridge: Intel Corporation Sandy Bridge IIO PCI Express Root Port 3c (rev 07)
00:04.0 System peripheral: Intel Corporation Sandy Bridge DMA Channel 0 (rev 07)
00:04.1 System peripheral: Intel Corporation Sandy Bridge DMA Channel 1 (rev 07)
00:04.2 System peripheral: Intel Corporation Sandy Bridge DMA Channel 2 (rev 07)
00:04.3 System peripheral: Intel Corporation Sandy Bridge DMA Channel 3 (rev 07)
00:04.4 System peripheral: Intel Corporation Sandy Bridge DMA Channel 4 (rev 07)
00:04.5 System peripheral: Intel Corporation Sandy Bridge DMA Channel 5 (rev 07)
00:04.6 System peripheral: Intel Corporation Sandy Bridge DMA Channel 6 (rev 07)
00:04.7 System peripheral: Intel Corporation Sandy Bridge DMA Channel 7 (rev 07)
00:05.0 System peripheral: Intel Corporation Sandy Bridge Address Map, VTd_Misc, System Management (rev 07)
00:05.2 System peripheral: Intel Corporation Sandy Bridge Control Status and Global Errors (rev 07)
00:05.4 PIC: Intel Corporation Sandy Bridge I/O APIC (rev 07)
00:11.0 PCI bridge: Intel Corporation Patsburg PCI Express Virtual Root Port (rev 05)
00:16.0 Communication controller: Intel Corporation Patsburg MEI Controller #1 (rev 05)
00:16.1 Communication controller: Intel Corporation Patsburg MEI Controller #2 (rev 05)
00:1a.0 USB controller: Intel Corporation Patsburg USB2 Enhanced Host Controller #2 (rev 05)
00:1d.0 USB controller: Intel Corporation Patsburg USB2 Enhanced Host Controller #1 (rev 05)
00:1e.0 PCI bridge: Intel Corporation 82801 PCI Bridge (rev a5)
00:1f.0 ISA bridge: Intel Corporation Patsburg LPC Controller (rev 05)
00:1f.2 SATA controller: Intel Corporation Patsburg 6-Port SATA AHCI Controller (rev 05)
00:1f.3 SMBus: Intel Corporation Patsburg SMBus Host Controller (rev 05)
00:1f.6 Signal processing controller: Intel Corporation Patsburg Thermal Management Controller (rev 05)
02:00.0 Ethernet controller: Intel Corporation I350 Gigabit Network Connection (rev 01)
02:00.1 Ethernet controller: Intel Corporation I350 Gigabit Network Connection (rev 01)
04:00.0 Ethernet controller: Intel Corporation 82599EB 10-Gigabit SFI/SFP+ Network Connection (rev 01)
04:00.1 Ethernet controller: Intel Corporation 82599EB 10-Gigabit SFI/SFP+ Network Connection (rev 01)
08:00.0 Serial Attached SCSI controller: Intel Corporation Patsburg 4-Port SATA/SAS Storage Control Unit (rev 05)
09:01.0 VGA compatible controller: Matrox Graphics, Inc. MGA G200eW WPCM450 (rev 0a)
7f:08.0 System peripheral: Intel Corporation Sandy Bridge QPI Link 0 (rev 07)
7f:08.3 System peripheral: Intel Corporation Sandy Bridge QPI Link Reut 0 (rev 07)
7f:08.4 System peripheral: Intel Corporation Sandy Bridge QPI Link Reut 0 (rev 07)
7f:09.0 System peripheral: Intel Corporation Sandy Bridge QPI Link 1 (rev 07)
7f:09.3 System peripheral: Intel Corporation Sandy Bridge QPI Link Reut 1 (rev 07)
7f:09.4 System peripheral: Intel Corporation Sandy Bridge QPI Link Reut 1 (rev 07)
7f:0a.0 System peripheral: Intel Corporation Sandy Bridge Power Control Unit 0 (rev 07)
7f:0a.1 System peripheral: Intel Corporation Sandy Bridge Power Control Unit 1 (rev 07)
7f:0a.2 System peripheral: Intel Corporation Sandy Bridge Power Control Unit 2 (rev 07)
7f:0a.3 System peripheral: Intel Corporation Sandy Bridge Power Control Unit 3 (rev 07)
7f:0b.0 System peripheral: Intel Corporation Sandy Bridge Interrupt Control Registers (rev 07)
7f:0b.3 System peripheral: Intel Corporation Sandy Bridge Semaphore and Scratchpad Configuration Registers (rev 07)
7f:0c.0 System peripheral: Intel Corporation Sandy Bridge Unicast Register 0 (rev 07)
7f:0c.1 System peripheral: Intel Corporation Sandy Bridge Unicast Register 0 (rev 07)
7f:0c.2 System peripheral: Intel Corporation Sandy Bridge Unicast Register 0 (rev 07)
7f:0c.3 System peripheral: Intel Corporation Sandy Bridge Unicast Register 0 (rev 07)
7f:0c.6 System peripheral: Intel Corporation Sandy Bridge Integrated Memory Controller System Address Decoder 0 (rev 07)
7f:0c.7 System peripheral: Intel Corporation Sandy Bridge System Address Decoder (rev 07)
7f:0d.0 System peripheral: Intel Corporation Sandy Bridge Unicast Register 0 (rev 07)
7f:0d.1 System peripheral: Intel Corporation Sandy Bridge Unicast Register 0 (rev 07)
7f:0d.2 System peripheral: Intel Corporation Sandy Bridge Unicast Register 0 (rev 07)
7f:0d.3 System peripheral: Intel Corporation Sandy Bridge Unicast Register 0 (rev 07)
7f:0d.6 System peripheral: Intel Corporation Sandy Bridge Integrated Memory Controller System Address Decoder 1 (rev 07)
7f:0e.0 System peripheral: Intel Corporation Sandy Bridge Processor Home Agent (rev 07)
7f:0e.1 Performance counters: Intel Corporation Sandy Bridge Processor Home Agent Performance Monitoring (rev 07)
7f:0f.0 System peripheral: Intel Corporation Sandy Bridge Integrated Memory Controller Registers (rev 07)
7f:0f.1 System peripheral: Intel Corporation Sandy Bridge Integrated Memory Controller RAS Registers (rev 07)
7f:0f.2 System peripheral: Intel Corporation Sandy Bridge Integrated Memory Controller Target Address Decoder 0 (rev 07)
7f:0f.3 System peripheral: Intel Corporation Sandy Bridge Integrated Memory Controller Target Address Decoder 1 (rev 07)
7f:0f.4 System peripheral: Intel Corporation Sandy Bridge Integrated Memory Controller Target Address Decoder 2 (rev 07)
7f:0f.5 System peripheral: Intel Corporation Sandy Bridge Integrated Memory Controller Target Address Decoder 3 (rev 07)
7f:0f.6 System peripheral: Intel Corporation Sandy Bridge Integrated Memory Controller Target Address Decoder 4 (rev 07)
7f:10.0 System peripheral: Intel Corporation Sandy Bridge Integrated Memory Controller Channel 0-3 Thermal Control 0 (rev 07)
7f:10.1 System peripheral: Intel Corporation Sandy Bridge Integrated Memory Controller Channel 0-3 Thermal Control 1 (rev 07)
7f:10.2 System peripheral: Intel Corporation Sandy Bridge Integrated Memory Controller ERROR Registers 0 (rev 07)
7f:10.3 System peripheral: Intel Corporation Sandy Bridge Integrated Memory Controller ERROR Registers 1 (rev 07)
7f:10.4 System peripheral: Intel Corporation Sandy Bridge Integrated Memory Controller Channel 0-3 Thermal Control 2 (rev 07)
7f:10.5 System peripheral: Intel Corporation Sandy Bridge Integrated Memory Controller Channel 0-3 Thermal Control 3 (rev 07)
7f:10.6 System peripheral: Intel Corporation Sandy Bridge Integrated Memory Controller ERROR Registers 2 (rev 07)
7f:10.7 System peripheral: Intel Corporation Sandy Bridge Integrated Memory Controller ERROR Registers 3 (rev 07)
7f:11.0 System peripheral: Intel Corporation Sandy Bridge DDRIO (rev 07)
7f:13.0 System peripheral: Intel Corporation Sandy Bridge R2PCIe (rev 07)
7f:13.1 Performance counters: Intel Corporation Sandy Bridge Ring to PCI Express Performance Monitor (rev 07)
7f:13.4 Performance counters: Intel Corporation Sandy Bridge QuickPath Interconnect Agent Ring Registers (rev 07)
7f:13.5 Performance counters: Intel Corporation Sandy Bridge Ring to QuickPath Interconnect Link 0 Performance Monitor (rev 07)
7f:13.6 System peripheral: Intel Corporation Sandy Bridge Ring to QuickPath Interconnect Link 1 Performance Monitor (rev 07)
80:02.0 PCI bridge: Intel Corporation Sandy Bridge IIO PCI Express Root Port 2a (rev 07)
80:03.0 PCI bridge: Intel Corporation Sandy Bridge IIO PCI Express Root Port 3a in PCI Express Mode (rev 07)
80:04.0 System peripheral: Intel Corporation Sandy Bridge DMA Channel 0 (rev 07)
80:04.1 System peripheral: Intel Corporation Sandy Bridge DMA Channel 1 (rev 07)
80:04.2 System peripheral: Intel Corporation Sandy Bridge DMA Channel 2 (rev 07)
80:04.3 System peripheral: Intel Corporation Sandy Bridge DMA Channel 3 (rev 07)
80:04.4 System peripheral: Intel Corporation Sandy Bridge DMA Channel 4 (rev 07)
80:04.5 System peripheral: Intel Corporation Sandy Bridge DMA Channel 5 (rev 07)
80:04.6 System peripheral: Intel Corporation Sandy Bridge DMA Channel 6 (rev 07)
80:04.7 System peripheral: Intel Corporation Sandy Bridge DMA Channel 7 (rev 07)
80:05.0 System peripheral: Intel Corporation Sandy Bridge Address Map, VTd_Misc, System Management (rev 07)
80:05.2 System peripheral: Intel Corporation Sandy Bridge Control Status and Global Errors (rev 07)
80:05.4 PIC: Intel Corporation Sandy Bridge I/O APIC (rev 07)
81:00.0 Serial Attached SCSI controller: LSI Logic / Symbios Logic SAS2008 PCI-Express Fusion-MPT SAS-2 [Falcon] (rev 03)
ff:08.0 System peripheral: Intel Corporation Sandy Bridge QPI Link 0 (rev 07)
ff:08.3 System peripheral: Intel Corporation Sandy Bridge QPI Link Reut 0 (rev 07)
ff:08.4 System peripheral: Intel Corporation Sandy Bridge QPI Link Reut 0 (rev 07)
ff:09.0 System peripheral: Intel Corporation Sandy Bridge QPI Link 1 (rev 07)
ff:09.3 System peripheral: Intel Corporation Sandy Bridge QPI Link Reut 1 (rev 07)
ff:09.4 System peripheral: Intel Corporation Sandy Bridge QPI Link Reut 1 (rev 07)
ff:0a.0 System peripheral: Intel Corporation Sandy Bridge Power Control Unit 0 (rev 07)
ff:0a.1 System peripheral: Intel Corporation Sandy Bridge Power Control Unit 1 (rev 07)
ff:0a.2 System peripheral: Intel Corporation Sandy Bridge Power Control Unit 2 (rev 07)
ff:0a.3 System peripheral: Intel Corporation Sandy Bridge Power Control Unit 3 (rev 07)
ff:0b.0 System peripheral: Intel Corporation Sandy Bridge Interrupt Control Registers (rev 07)
ff:0b.3 System peripheral: Intel Corporation Sandy Bridge Semaphore and Scratchpad Configuration Registers (rev 07)
ff:0c.0 System peripheral: Intel Corporation Sandy Bridge Unicast Register 0 (rev 07)
ff:0c.1 System peripheral: Intel Corporation Sandy Bridge Unicast Register 0 (rev 07)
ff:0c.2 System peripheral: Intel Corporation Sandy Bridge Unicast Register 0 (rev 07)
ff:0c.3 System peripheral: Intel Corporation Sandy Bridge Unicast Register 0 (rev 07)
ff:0c.6 System peripheral: Intel Corporation Sandy Bridge Integrated Memory Controller System Address Decoder 0 (rev 07)
ff:0c.7 System peripheral: Intel Corporation Sandy Bridge System Address Decoder (rev 07)
ff:0d.0 System peripheral: Intel Corporation Sandy Bridge Unicast Register 0 (rev 07)
ff:0d.1 System peripheral: Intel Corporation Sandy Bridge Unicast Register 0 (rev 07)
ff:0d.2 System peripheral: Intel Corporation Sandy Bridge Unicast Register 0 (rev 07)
ff:0d.3 System peripheral: Intel Corporation Sandy Bridge Unicast Register 0 (rev 07)
ff:0d.6 System peripheral: Intel Corporation Sandy Bridge Integrated Memory Controller System Address Decoder 1 (rev 07)
ff:0e.0 System peripheral: Intel Corporation Sandy Bridge Processor Home Agent (rev 07)
ff:0e.1 Performance counters: Intel Corporation Sandy Bridge Processor Home Agent Performance Monitoring (rev 07)
ff:0f.0 System peripheral: Intel Corporation Sandy Bridge Integrated Memory Controller Registers (rev 07)
ff:0f.1 System peripheral: Intel Corporation Sandy Bridge Integrated Memory Controller RAS Registers (rev 07)
ff:0f.2 System peripheral: Intel Corporation Sandy Bridge Integrated Memory Controller Target Address Decoder 0 (rev 07)
ff:0f.3 System peripheral: Intel Corporation Sandy Bridge Integrated Memory Controller Target Address Decoder 1 (rev 07)
ff:0f.4 System peripheral: Intel Corporation Sandy Bridge Integrated Memory Controller Target Address Decoder 2 (rev 07)
ff:0f.5 System peripheral: Intel Corporation Sandy Bridge Integrated Memory Controller Target Address Decoder 3 (rev 07)
ff:0f.6 System peripheral: Intel Corporation Sandy Bridge Integrated Memory Controller Target Address Decoder 4 (rev 07)
ff:10.0 System peripheral: Intel Corporation Sandy Bridge Integrated Memory Controller Channel 0-3 Thermal Control 0 (rev 07)
ff:10.1 System peripheral: Intel Corporation Sandy Bridge Integrated Memory Controller Channel 0-3 Thermal Control 1 (rev 07)
ff:10.2 System peripheral: Intel Corporation Sandy Bridge Integrated Memory Controller ERROR Registers 0 (rev 07)
ff:10.3 System peripheral: Intel Corporation Sandy Bridge Integrated Memory Controller ERROR Registers 1 (rev 07)
ff:10.4 System peripheral: Intel Corporation Sandy Bridge Integrated Memory Controller Channel 0-3 Thermal Control 2 (rev 07)
ff:10.5 System peripheral: Intel Corporation Sandy Bridge Integrated Memory Controller Channel 0-3 Thermal Control 3 (rev 07)
ff:10.6 System peripheral: Intel Corporation Sandy Bridge Integrated Memory Controller ERROR Registers 2 (rev 07)
ff:10.7 System peripheral: Intel Corporation Sandy Bridge Integrated Memory Controller ERROR Registers 3 (rev 07)
ff:11.0 System peripheral: Intel Corporation Sandy Bridge DDRIO (rev 07)
ff:13.0 System peripheral: Intel Corporation Sandy Bridge R2PCIe (rev 07)
ff:13.1 Performance counters: Intel Corporation Sandy Bridge Ring to PCI Express Performance Monitor (rev 07)
ff:13.4 Performance counters: Intel Corporation Sandy Bridge QuickPath Interconnect Agent Ring Registers (rev 07)
ff:13.5 Performance counters: Intel Corporation Sandy Bridge Ring to QuickPath Interconnect Link 0 Performance Monitor (rev 07)
ff:13.6 System peripheral: Intel Corporation Sandy Bridge Ring to QuickPath Interconnect Link 1 Performance Monitor (rev 07)
